d:\code c\cipher\cipher\x64\debug\vc143.pdb
d:\code c\cipher\cipher\x64\debug\vc143.idb
d:\code c\cipher\cipher\x64\debug\fixcipher.obj
d:\code c\cipher\x64\debug\cipher.exe
d:\code c\cipher\x64\debug\cipher.pdb
d:\code c\cipher\cipher\x64\debug\cipher.ilk
d:\code c\cipher\cipher\x64\debug\cipher.obj
d:\code c\cipher\cipher\x64\debug\cipherinput.obj
d:\code c\cipher\cipher\x64\debug\giaima.obj
d:\code c\cipher\cipher\x64\debug\laymahexa.obj
d:\code c\cipher\cipher\x64\debug\menu.obj
d:\code c\cipher\cipher\x64\debug\readfile.obj
d:\code c\cipher\cipher\x64\debug\testreadfile.obj
d:\code c\cipher\cipher\x64\debug\testtakekey.obj
d:\code c\cipher\cipher\x64\debug\cipherinput.obj.enc
d:\code c\cipher\cipher\x64\debug\giaima.obj.enc
d:\code c\cipher\cipher\x64\debug\cipher.tlog\cl.command.1.tlog
d:\code c\cipher\cipher\x64\debug\cipher.tlog\cl.items.tlog
d:\code c\cipher\cipher\x64\debug\cipher.tlog\cl.read.1.tlog
d:\code c\cipher\cipher\x64\debug\cipher.tlog\cl.write.1.tlog
d:\code c\cipher\cipher\x64\debug\cipher.tlog\link.command.1.tlog
d:\code c\cipher\cipher\x64\debug\cipher.tlog\link.read.1.tlog
d:\code c\cipher\cipher\x64\debug\cipher.tlog\link.secondary.1.tlog
d:\code c\cipher\cipher\x64\debug\cipher.tlog\link.write.1.tlog
